<?xml version="1.0" encoding="UTF-8"?>
<testng-results ignored="0" total="3" passed="3" failed="0" skipped="0">
  <reporter-output>
  </reporter-output>
  <suite started-at="2024-02-28T09:48:18 IST" name="Default suite" finished-at="2024-02-28T09:50:02 IST" duration-ms="103604">
    <groups>
      <group name="cucumber">
        <method signature="AbstractTestNGCucumberTests.runScenario(io.cucumber.testng.PickleWrapper,io.cucumber.testng.FeatureWrapper)[pri:0, instance:testRunner.TestNGRunner@3c46e67a]" name="runScenario" class="io.cucumber.testng.AbstractTestNGCucumberTests"/>
      </group> <!-- cucumber -->
    </groups>
    <test started-at="2024-02-28T09:48:18 IST" name="Default test" finished-at="2024-02-28T09:50:02 IST" duration-ms="103604">
      <class name="testRunner.TestNGRunner">
        <test-method is-config="true" signature="setUpClass(org.testng.ITestContext)[pri:0, instance:testRunner.TestNGRunner@3c46e67a]" started-at="2024-02-28T09:48:18 IST" name="setUpClass" finished-at="2024-02-28T09:48:35 IST" duration-ms="16946" status="PASS">
          <params>
            <param index="0">
              <value>
                <![CDATA[org.testng.TestRunner@4468fda8]]>
              </value>
            </param>
          </params>
          <reporter-output>
          </reporter-output>
        </test-method> <!-- setUpClass -->
        <test-method signature="runScenario(io.cucumber.testng.PickleWrapper,io.cucumber.testng.FeatureWrapper)[pri:0, instance:testRunner.TestNGRunner@3c46e67a]" started-at="2024-02-28T09:48:35 IST" name="runScenario" description="Runs Cucumber Scenarios" data-provider="scenarios" finished-at="2024-02-28T09:49:27 IST" duration-ms="51405" status="PASS">
          <params>
            <param index="0">
              <value>
                <![CDATA["Applying filter as per the need of cutomser to find hospital"]]>
              </value>
            </param>
            <param index="1">
              <value>
                <![CDATA["Finding_hospitals"]]>
              </value>
            </param>
          </params>
          <reporter-output>
          </reporter-output>
        </test-method> <!-- runScenario -->
        <test-method signature="runScenario(io.cucumber.testng.PickleWrapper,io.cucumber.testng.FeatureWrapper)[pri:0, instance:testRunner.TestNGRunner@3c46e67a]" started-at="2024-02-28T09:49:27 IST" name="runScenario" description="Runs Cucumber Scenarios" data-provider="scenarios" finished-at="2024-02-28T09:49:34 IST" duration-ms="7333" status="PASS">
          <params>
            <param index="0">
              <value>
                <![CDATA["Extract surgery option"]]>
              </value>
            </param>
            <param index="1">
              <value>
                <![CDATA["Finding_hospitals"]]>
              </value>
            </param>
          </params>
          <reporter-output>
          </reporter-output>
        </test-method> <!-- runScenario -->
        <test-method signature="runScenario(io.cucumber.testng.PickleWrapper,io.cucumber.testng.FeatureWrapper)[pri:0, instance:testRunner.TestNGRunner@3c46e67a]" started-at="2024-02-28T09:49:34 IST" name="runScenario" description="Runs Cucumber Scenarios" data-provider="scenarios" finished-at="2024-02-28T09:49:54 IST" duration-ms="19495" status="PASS">
          <params>
            <param index="0">
              <value>
                <![CDATA["On the home page under For Corporate open health and wellness plan form"]]>
              </value>
            </param>
            <param index="1">
              <value>
                <![CDATA["Finding_hospitals"]]>
              </value>
            </param>
          </params>
          <reporter-output>
          </reporter-output>
        </test-method> <!-- runScenario -->
        <test-method is-config="true" signature="tearDownClass()[pri:0, instance:testRunner.TestNGRunner@3c46e67a]" started-at="2024-02-28T09:49:54 IST" name="tearDownClass" finished-at="2024-02-28T09:50:02 IST" duration-ms="8164" status="PASS">
          <reporter-output>
          </reporter-output>
        </test-method> <!-- tearDownClass -->
      </class> <!-- testRunner.TestNGRunner -->
    </test> <!-- Default test -->
  </suite> <!-- Default suite -->
</testng-results>
